#
# A fatal error has been detected by the Java Runtime Environment:
#
#  Internal Error (generateOopMap.cpp:2162), pid=18257, tid=16131
#  fatal error: Illegal class file encountered. Try running with -Xverify:all in method collectMyUtxo
#
# JRE version: Java(TM) SE Runtime Environment (10.0+46) (build 10+46)
# Java VM: Java HotSpot(TM) 64-Bit Server VM (10+46, mixed mode, tiered, compressed oops, g1 gc, bsd-amd64)
# No core dump will be written. Core dumps have been disabled. To enable core dumping, try "ulimit -c unlimited" before starting Java again
#
# If you would like to submit a bug report, please visit:
#   http://bugreport.java.com/bugreport/crash.jsp
#

---------------  S U M M A R Y ------------

Command Line: -agentlib:jdwp=transport=dt_socket,address=127.0.0.1:50694,suspend=y,server=n -javaagent:/Users/Fredrik/Library/Caches/IntelliJIdea2018.2/captureAgent/debugger-agent.jar=file:/private/var/folders/dv/x3ll_yyj5w763flt71l0qylw0000gn/T/capture.props -Dfile.encoding=UTF-8 Application

Host: MacBookAir7,2 x86_64 1600 MHz, 4 cores, 8G, Darwin 18.0.0
Time: Wed Oct 24 15:58:37 2018 CEST elapsed time: 398 seconds (0d 0h 6m 38s)

---------------  T H R E A D  ---------------

Current thread (0x00007f834500f000):  VMThread "VM Thread" [stack: 0x00007000024e7000,0x00007000025e7000] [id=16131]

Stack: [0x00007000024e7000,0x00007000025e7000],  sp=0x00007000025e5f00,  free space=1019k
Native frames: (J=compiled Java code, A=aot compiled Java code, j=interpreted, Vv=VM code, C=native code)
V  [libjvm.dylib+0x798a21]  _ZN7VMError14report_and_dieEiPKcS1_P13__va_list_tagP6ThreadPhPvS7_S1_im+0x4df
V  [libjvm.dylib+0x7990e4]  _ZN7VMError14report_and_dieEP6ThreadPKciS3_S3_P13__va_list_tag+0x4a
V  [libjvm.dylib+0x28b811]  _Z12report_fatalPKciS0_z+0xc0
V  [libjvm.dylib+0x3831e1]  _ZN14GenerateOopMap10error_workEPKcP13__va_list_tag+0xeb
V  [libjvm.dylib+0x380499]  _ZN14GenerateOopMap12report_errorEPKcz+0x8d
V  [libjvm.dylib+0x380cf4]  _ZN14GenerateOopMap17init_basic_blocksEv+0x188
V  [libjvm.dylib+0x380b2b]  _ZN14GenerateOopMap17do_interpretationEv+0x2f
V  [libjvm.dylib+0x383011]  _ZN14GenerateOopMap11compute_mapEP6Thread+0x16b
V  [libjvm.dylib+0x62a638]  _ZN19OopMapForCacheEntry11compute_mapEP6Thread+0x60
V  [libjvm.dylib+0x62af24]  _ZN16OopMapCacheEntry4fillERK12methodHandlei+0xac
V  [libjvm.dylib+0x62b8ec]  _ZN11OopMapCache19compute_one_oop_mapERK12methodHandleiP17InterpreterOopMap+0x11a
V  [libjvm.dylib+0x5efff5]  _ZN6Method8mask_forEiP17InterpreterOopMap+0x7f
V  [libjvm.dylib+0x4dc919]  _ZN16VM_GetOrSetLocal4doitEv+0x47
V  [libjvm.dylib+0x7a2649]  _ZN12VM_Operation8evaluateEv+0xf1
V  [libjvm.dylib+0x7a1b32]  _ZN8VMThread18evaluate_operationEP12VM_Operation+0xd4
V  [libjvm.dylib+0x7a17e6]  _ZN8VMThread4loopEv+0x340
V  [libjvm.dylib+0x7a13b9]  _ZN8VMThread3runEv+0x75
V  [libjvm.dylib+0x6328bf]  _ZL19thread_native_entryP6Thread+0x12b
C  [libsystem_pthread.dylib+0x333d]  _pthread_body+0x7e
C  [libsystem_pthread.dylib+0x62a7]  _pthread_start+0x46
C  [libsystem_pthread.dylib+0x2425]  thread_start+0xd

VM_Operation (0x0000700002dfea08): GetOrSetLocal, mode: safepoint, requested by thread 0x00007f8345033800


---------------  P R O C E S S  ---------------

Threads class SMR info:
_java_thread_list=0x00007f8343e11300, length=13, elements={
0x00007f8345800800, 0x00007f8345011800, 0x00007f834501a800, 0x00007f834405e000,
0x00007f834501b800, 0x00007f834405f000, 0x00007f8345806800, 0x00007f834589f000,
0x00007f8345033800, 0x00007f834414a000, 0x00007f834414b000, 0x00007f83458ec000,
0x00007f8345060800
}

Java Threads: ( => current thread )
  0x00007f8345800800 JavaThread "main" [_thread_blocked, id=9219, stack(0x00007000018c3000,0x00007000019c3000)]
  0x00007f8345011800 JavaThread "Reference Handler" daemon [_thread_blocked, id=15875, stack(0x00007000025ea000,0x00007000026ea000)]
  0x00007f834501a800 JavaThread "Finalizer" daemon [_thread_blocked, id=15363, stack(0x00007000026ed000,0x00007000027ed000)]
  0x00007f834405e000 JavaThread "Signal Dispatcher" daemon [_thread_blocked, id=22787, stack(0x00007000027f0000,0x00007000028f0000)]
  0x00007f834501b800 JavaThread "C2 CompilerThread0" daemon [_thread_blocked, id=23043, stack(0x00007000028f3000,0x00007000029f3000)]
  0x00007f834405f000 JavaThread "C2 CompilerThread1" daemon [_thread_blocked, id=23811, stack(0x00007000029f6000,0x0000700002af6000)]
  0x00007f8345806800 JavaThread "C1 CompilerThread2" daemon [_thread_blocked, id=42499, stack(0x0000700002af9000,0x0000700002bf9000)]
  0x00007f834589f000 JavaThread "Sweeper thread" daemon [_thread_blocked, id=24323, stack(0x0000700002bfc000,0x0000700002cfc000)]
  0x00007f8345033800 JavaThread "JDWP Transport Listener: dt_socket" daemon [_thread_blocked, id=25091, stack(0x0000700002cff000,0x0000700002dff000)] _threads_hazard_ptr=0x00007f8343e11300
  0x00007f834414a000 JavaThread "JDWP Event Helper Thread" daemon [_thread_blocked, id=25859, stack(0x0000700002e02000,0x0000700002f02000)]
  0x00007f834414b000 JavaThread "JDWP Command Reader" daemon [_thread_in_native, id=26627, stack(0x0000700002f05000,0x0000700003005000)]
  0x00007f83458ec000 JavaThread "Common-Cleaner" daemon [_thread_blocked, id=27395, stack(0x0000700003008000,0x0000700003108000)]
  0x00007f8345060800 JavaThread "Service Thread" daemon [_thread_blocked, id=41475, stack(0x000070000310b000,0x000070000320b000)]

Other Threads:
=>0x00007f834500f000 VMThread "VM Thread" [stack: 0x00007000024e7000,0x00007000025e7000] [id=16131]
  0x00007f834480e000 WatcherThread [stack: 0x000070000320e000,0x000070000330e000] [id=41219]
  0x00007f8344830800 GCTaskThread "GC Thread#0" [stack: 0x00007000019c6000,0x0000700001ac6000] [id=20739]
  0x00007f834580f800 GCTaskThread "GC Thread#1" [stack: 0x0000700001ac9000,0x0000700001bc9000] [id=20227]
  0x00007f8345810000 GCTaskThread "GC Thread#2" [stack: 0x0000700001bcc000,0x0000700001ccc000] [id=19715]
  0x00007f8345001800 GCTaskThread "GC Thread#3" [stack: 0x0000700001ccf000,0x0000700001dcf000] [id=19203]
  0x00007f8345839800 ConcurrentGCThread "G1 Main Marker" [stack: 0x0000700001dd2000,0x0000700001ed2000] [id=18691]
  0x00007f834583a000 ConcurrentGCThread "G1 Conc#0" [stack: 0x0000700001ed5000,0x0000700001fd5000] [id=11267]
  0x00007f8344043800 ConcurrentGCThread "G1 Refine#0" [stack: 0x0000700001fd8000,0x00007000020d8000] [id=11523]
  0x00007f8345002000 ConcurrentGCThread "G1 Refine#1" [stack: 0x00007000020db000,0x00007000021db000] [id=11779]
  0x00007f8345003000 ConcurrentGCThread "G1 Refine#2" [stack: 0x00007000021de000,0x00007000022de000] [id=17155]
  0x00007f8345003800 ConcurrentGCThread "G1 Refine#3" [stack: 0x00007000022e1000,0x00007000023e1000] [id=16643]
  0x00007f834583b000 ConcurrentGCThread "G1 Young RemSet Sampling" [stack: 0x00007000023e4000,0x00007000024e4000] [id=12291]

Threads with active compile tasks:

VM state:at safepoint (normal execution)

VM Mutex/Monitor currently owned by a thread:  ([mutex/lock_event])
[0x00007f8343e12c30] Threads_lock - owner thread: 0x00007f834500f000

Heap address: 0x0000000740000000, size: 2048 MB, Compressed Oops mode: Zero based, Oop shift amount: 3
Narrow klass base: 0x0000000000000000, Narrow klass shift: 3
Compressed class space size: 1073741824 Address: 0x00000007c0000000

Heap:
 garbage-first heap   total 131072K, used 9216K [0x0000000740000000, 0x00000007c0000000)
  region size 1024K, 10 young (10240K), 0 survivors (0K)
 Metaspace       used 8341K, capacity 8589K, committed 8832K, reserved 1056768K
  class space    used 741K, capacity 850K, committed 896K, reserved 1048576K
Heap Regions: E=young(eden), S=young(survivor), O=old, HS=humongous(starts), HC=humongous(continues), CS=collection set, F=free, A=archive, TS=gc time stamp, AC=allocation context, TAMS=top-at-mark-start (previous, next)
|   0|0x0000000740000000, 0x0000000740000000, 0x0000000740100000|  0%| F|  |TS  0|AC  0|TAMS 0x0000000740000000, 0x0000000740000000|
|   1|0x0000000740100000, 0x0000000740100000, 0x0000000740200000|  0%| F|  |TS  0|AC  0|TAMS 0x0000000740100000, 0x0000000740100000|
|   2|0x0000000740200000, 0x0000000740200000, 0x0000000740300000|  0%| F|  |TS  0|AC  0|TAMS 0x0000000740200000, 0x0000000740200000|
|   3|0x0000000740300000, 0x0000000740300000, 0x0000000740400000|  0%| F|  |TS  0|AC  0|TAMS 0x0000000740300000, 0x0000000740300000|
|   4|0x0000000740400000, 0x0000000740400000, 0x0000000740500000|  0%| F|  |TS  0|AC  0|TAMS 0x0000000740400000, 0x0000000740400000|
|   5|0x0000000740500000, 0x0000000740500000, 0x0000000740600000|  0%| F|  |TS  0|AC  0|TAMS 0x0000000740500000, 0x0000000740500000|
|   6|0x0000000740600000, 0x0000000740600000, 0x0000000740700000|  0%| F|  |TS  0|AC  0|TAMS 0x0000000740600000, 0x0000000740600000|
|   7|0x0000000740700000, 0x0000000740700000, 0x0000000740800000|  0%| F|  |TS  0|AC  0|TAMS 0x0000000740700000, 0x0000000740700000|
|   8|0x0000000740800000, 0x0000000740800000, 0x0000000740900000|  0%| F|  |TS  0|AC  0|TAMS 0x0000000740800000, 0x0000000740800000|
|   9|0x0000000740900000, 0x0000000740900000, 0x0000000740a00000|  0%| F|  |TS  0|AC  0|TAMS 0x0000000740900000, 0x0000000740900000|
|  10|0x0000000740a00000, 0x0000000740a00000, 0x0000000740b00000|  0%| F|  |TS  0|AC  0|TAMS 0x0000000740a00000, 0x0000000740a00000|
|  11|0x0000000740b00000, 0x0000000740b00000, 0x0000000740c00000|  0%| F|  |TS  0|AC  0|TAMS 0x0000000740b00000, 0x0000000740b00000|
|  12|0x0000000740c00000, 0x0000000740c00000, 0x0000000740d00000|  0%| F|  |TS  0|AC  0|TAMS 0x0000000740c00000, 0x0000000740c00000|
|  13|0x0000000740d00000, 0x0000000740d00000, 0x0000000740e00000|  0%| F|  |TS  0|AC  0|TAMS 0x0000000740d00000, 0x0000000740d00000|
|  14|0x0000000740e00000, 0x0000000740e00000, 0x0000000740f00000|  0%| F|  |TS  0|AC  0|TAMS 0x0000000740e00000, 0x0000000740e00000|
|  15|0x0000000740f00000, 0x0000000740f00000, 0x0000000741000000|  0%| F|  |TS  0|AC  0|TAMS 0x0000000740f00000, 0x0000000740f00000|
|  16|0x0000000741000000, 0x0000000741000000, 0x0000000741100000|  0%| F|  |TS  0|AC  0|TAMS 0x0000000741000000, 0x0000000741000000|
|  17|0x0000000741100000, 0x0000000741100000, 0x0000000741200000|  0%| F|  |TS  0|AC  0|TAMS 0x0000000741100000, 0x0000000741100000|
|  18|0x0000000741200000, 0x0000000741200000, 0x0000000741300000|  0%| F|  |TS  0|AC  0|TAMS 0x0000000741200000, 0x0000000741200000|
|  19|0x0000000741300000, 0x0000000741300000, 0x0000000741400000|  0%| F|  |TS  0|AC  0|TAMS 0x0000000741300000, 0x0000000741300000|
|  20|0x0000000741400000, 0x0000000741400000, 0x0000000741500000|  0%| F|  |TS  0|AC  0|TAMS 0x0000000741400000, 0x0000000741400000|
|  21|0x0000000741500000, 0x0000000741500000, 0x0000000741600000|  0%| F|  |TS  0|AC  0|TAMS 0x0000000741500000, 0x0000000741500000|
|  22|0x0000000741600000, 0x0000000741600000, 0x0000000741700000|  0%| F|  |TS  0|AC  0|TAMS 0x0000000741600000, 0x0000000741600000|
|  23|0x0000000741700000, 0x0000000741700000, 0x0000000741800000|  0%| F|  |TS  0|AC  0|TAMS 0x0000000741700000, 0x0000000741700000|
|  24|0x0000000741800000, 0x0000000741800000, 0x0000000741900000|  0%| F|  |TS  0|AC  0|TAMS 0x0000000741800000, 0x0000000741800000|
|  25|0x0000000741900000, 0x0000000741900000, 0x0000000741a00000|  0%| F|  |TS  0|AC  0|TAMS 0x0000000741900000, 0x0000000741900000|
|  26|0x0000000741a00000, 0x0000000741a00000, 0x0000000741b00000|  0%| F|  |TS  0|AC  0|TAMS 0x0000000741a00000, 0x0000000741a00000|
|  27|0x0000000741b00000, 0x0000000741b00000, 0x0000000741c00000|  0%| F|  |TS  0|AC  0|TAMS 0x0000000741b00000, 0x0000000741b00000|
|  28|0x0000000741c00000, 0x0000000741c00000, 0x0000000741d00000|  0%| F|  |TS  0|AC  0|TAMS 0x0000000741c00000, 0x0000000741c00000|
|  29|0x0000000741d00000, 0x0000000741d00000, 0x0000000741e00000|  0%| F|  |TS  0|AC  0|TAMS 0x0000000741d00000, 0x0000000741d00000|
|  30|0x0000000741e00000, 0x0000000741e00000, 0x0000000741f00000|  0%| F|  |TS  0|AC  0|TAMS 0x0000000741e00000, 0x0000000741e00000|
|  31|0x0000000741f00000, 0x0000000741f00000, 0x0000000742000000|  0%| F|  |TS  0|AC  0|TAMS 0x0000000741f00000, 0x0000000741f00000|
|  32|0x0000000742000000, 0x0000000742000000, 0x0000000742100000|  0%| F|  |TS  0|AC  0|TAMS 0x0000000742000000, 0x0000000742000000|
|  33|0x0000000742100000, 0x0000000742100000, 0x0000000742200000|  0%| F|  |TS  0|AC  0|TAMS 0x0000000742100000, 0x0000000742100000|
|  34|0x0000000742200000, 0x0000000742200000, 0x0000000742300000|  0%| F|  |TS  0|AC  0|TAMS 0x0000000742200000, 0x0000000742200000|
|  35|0x0000000742300000, 0x0000000742300000, 0x0000000742400000|  0%| F|  |TS  0|AC  0|TAMS 0x0000000742300000, 0x0000000742300000|
|  36|0x0000000742400000, 0x0000000742400000, 0x0000000742500000|  0%| F|  |TS  0|AC  0|TAMS 0x0000000742400000, 0x0000000742400000|
|  37|0x0000000742500000, 0x0000000742500000, 0x0000000742600000|  0%| F|  |TS  0|AC  0|TAMS 0x0000000742500000, 0x0000000742500000|
|  38|0x0000000742600000, 0x0000000742600000, 0x0000000742700000|  0%| F|  |TS  0|AC  0|TAMS 0x0000000742600000, 0x0000000742600000|
|  39|0x0000000742700000, 0x0000000742700000, 0x0000000742800000|  0%| F|  |TS  0|AC  0|TAMS 0x0000000742700000, 0x0000000742700000|
|  40|0x0000000742800000, 0x0000000742800000, 0x0000000742900000|  0%| F|  |TS  0|AC  0|TAMS 0x0000000742800000, 0x0000000742800000|
|  41|0x0000000742900000, 0x0000000742900000, 0x0000000742a00000|  0%| F|  |TS  0|AC  0|TAMS 0x0000000742900000, 0x0000000742900000|
|  42|0x0000000742a00000, 0x0000000742a00000, 0x0000000742b00000|  0%| F|  |TS  0|AC  0|TAMS 0x0000000742a00000, 0x0000000742a00000|
|  43|0x0000000742b00000, 0x0000000742b00000, 0x0000000742c00000|  0%| F|  |TS  0|AC  0|TAMS 0x0000000742b00000, 0x0000000742b00000|
|  44|0x0000000742c00000, 0x0000000742c00000, 0x0000000742d00000|  0%| F|  |TS  0|AC  0|TAMS 0x0000000742c00000, 0x0000000742c00000|
|  45|0x0000000742d00000, 0x0000000742d00000, 0x0000000742e00000|  0%| F|  |TS  0|AC  0|TAMS 0x0000000742d00000, 0x0000000742d00000|
|  46|0x0000000742e00000, 0x0000000742e00000, 0x0000000742f00000|  0%| F|  |TS  0|AC  0|TAMS 0x0000000742e00000, 0x0000000742e00000|
|  47|0x0000000742f00000, 0x0000000742f00000, 0x0000000743000000|  0%| F|  |TS  0|AC  0|TAMS 0x0000000742f00000, 0x0000000742f00000|
|  48|0x0000000743000000, 0x0000000743000000, 0x0000000743100000|  0%| F|  |TS  0|AC  0|TAMS 0x0000000743000000, 0x0000000743000000|
|  49|0x0000000743100000, 0x0000000743100000, 0x0000000743200000|  0%| F|  |TS  0|AC  0|TAMS 0x0000000743100000, 0x0000000743100000|
|  50|0x0000000743200000, 0x0000000743200000, 0x0000000743300000|  0%| F|  |TS  0|AC  0|TAMS 0x0000000743200000, 0x0000000743200000|
|  51|0x0000000743300000, 0x0000000743300000, 0x0000000743400000|  0%| F|  |TS  0|AC  0|TAMS 0x0000000743300000, 0x0000000743300000|
|  52|0x0000000743400000, 0x0000000743400000, 0x0000000743500000|  0%| F|  |TS  0|AC  0|TAMS 0x0000000743400000, 0x0000000743400000|
|  53|0x0000000743500000, 0x0000000743500000, 0x0000000743600000|  0%| F|  |TS  0|AC  0|TAMS 0x0000000743500000, 0x0000000743500000|
|  54|0x0000000743600000, 0x0000000743600000, 0x0000000743700000|  0%| F|  |TS  0|AC  0|TAMS 0x0000000743600000, 0x0000000743600000|
|  55|0x0000000743700000, 0x0000000743700000, 0x0000000743800000|  0%| F|  |TS  0|AC  0|TAMS 0x0000000743700000, 0x0000000743700000|
|  56|0x0000000743800000, 0x0000000743800000, 0x0000000743900000|  0%| F|  |TS  0|AC  0|TAMS 0x0000000743800000, 0x0000000743800000|
|  57|0x0000000743900000, 0x0000000743900000, 0x0000000743a00000|  0%| F|  |TS  0|AC  0|TAMS 0x0000000743900000, 0x0000000743900000|
|  58|0x0000000743a00000, 0x0000000743a00000, 0x0000000743b00000|  0%| F|  |TS  0|AC  0|TAMS 0x0000000743a00000, 0x0000000743a00000|
|  59|0x0000000743b00000, 0x0000000743b00000, 0x0000000743c00000|  0%| F|  |TS  0|AC  0|TAMS 0x0000000743b00000, 0x0000000743b00000|
|  60|0x0000000743c00000, 0x0000000743c00000, 0x0000000743d00000|  0%| F|  |TS  0|AC  0|TAMS 0x0000000743c00000, 0x0000000743c00000|
|  61|0x0000000743d00000, 0x0000000743d00000, 0x0000000743e00000|  0%| F|  |TS  0|AC  0|TAMS 0x0000000743d00000, 0x0000000743d00000|
|  62|0x0000000743e00000, 0x0000000743e00000, 0x0000000743f00000|  0%| F|  |TS  0|AC  0|TAMS 0x0000000743e00000, 0x0000000743e00000|
|  63|0x0000000743f00000, 0x0000000743f00000, 0x0000000744000000|  0%| F|  |TS  0|AC  0|TAMS 0x0000000743f00000, 0x0000000743f00000|
|  64|0x0000000744000000, 0x0000000744000000, 0x0000000744100000|  0%| F|  |TS  0|AC  0|TAMS 0x0000000744000000, 0x0000000744000000|
|  65|0x0000000744100000, 0x0000000744100000, 0x0000000744200000|  0%| F|  |TS  0|AC  0|TAMS 0x0000000744100000, 0x0000000744100000|
|  66|0x0000000744200000, 0x0000000744200000, 0x0000000744300000|  0%| F|  |TS  0|AC  0|TAMS 0x0000000744200000, 0x0000000744200000|
|  67|0x0000000744300000, 0x0000000744300000, 0x0000000744400000|  0%| F|  |TS  0|AC  0|TAMS 0x0000000744300000, 0x0000000744300000|
|  68|0x0000000744400000, 0x0000000744400000, 0x0000000744500000|  0%| F|  |TS  0|AC  0|TAMS 0x0000000744400000, 0x0000000744400000|
|  69|0x0000000744500000, 0x0000000744500000, 0x0000000744600000|  0%| F|  |TS  0|AC  0|TAMS 0x0000000744500000, 0x0000000744500000|
|  70|0x0000000744600000, 0x0000000744600000, 0x0000000744700000|  0%| F|  |TS  0|AC  0|TAMS 0x0000000744600000, 0x0000000744600000|
|  71|0x0000000744700000, 0x0000000744700000, 0x0000000744800000|  0%| F|  |TS  0|AC  0|TAMS 0x0000000744700000, 0x0000000744700000|
|  72|0x0000000744800000, 0x0000000744800000, 0x0000000744900000|  0%| F|  |TS  0|AC  0|TAMS 0x0000000744800000, 0x0000000744800000|
|  73|0x0000000744900000, 0x0000000744900000, 0x0000000744a00000|  0%| F|  |TS  0|AC  0|TAMS 0x0000000744900000, 0x0000000744900000|
|  74|0x0000000744a00000, 0x0000000744a00000, 0x0000000744b00000|  0%| F|  |TS  0|AC  0|TAMS 0x0000000744a00000, 0x0000000744a00000|
|  75|0x0000000744b00000, 0x0000000744b00000, 0x0000000744c00000|  0%| F|  |TS  0|AC  0|TAMS 0x0000000744b00000, 0x0000000744b00000|
|  76|0x0000000744c00000, 0x0000000744c00000, 0x0000000744d00000|  0%| F|  |TS  0|AC  0|TAMS 0x0000000744c00000, 0x0000000744c00000|
|  77|0x0000000744d00000, 0x0000000744d00000, 0x0000000744e00000|  0%| F|  |TS  0|AC  0|TAMS 0x0000000744d00000, 0x0000000744d00000|
|  78|0x0000000744e00000, 0x0000000744e00000, 0x0000000744f00000|  0%| F|  |TS  0|AC  0|TAMS 0x0000000744e00000, 0x0000000744e00000|
|  79|0x0000000744f00000, 0x0000000744f00000, 0x0000000745000000|  0%| F|  |TS  0|AC  0|TAMS 0x0000000744f00000, 0x0000000744f00000|
|  80|0x0000000745000000, 0x0000000745000000, 0x0000000745100000|  0%| F|  |TS  0|AC  0|TAMS 0x0000000745000000, 0x0000000745000000|
|  81|0x0000000745100000, 0x0000000745100000, 0x0000000745200000|  0%| F|  |TS  0|AC  0|TAMS 0x0000000745100000, 0x0000000745100000|
|  82|0x0000000745200000, 0x0000000745200000, 0x0000000745300000|  0%| F|  |TS  0|AC  0|TAMS 0x0000000745200000, 0x0000000745200000|
|  83|0x0000000745300000, 0x0000000745300000, 0x0000000745400000|  0%| F|  |TS  0|AC  0|TAMS 0x0000000745300000, 0x0000000745300000|
|  84|0x0000000745400000, 0x0000000745400000, 0x0000000745500000|  0%| F|  |TS  0|AC  0|TAMS 0x0000000745400000, 0x0000000745400000|
|  85|0x0000000745500000, 0x0000000745500000, 0x0000000745600000|  0%| F|  |TS  0|AC  0|TAMS 0x0000000745500000, 0x0000000745500000|
|  86|0x0000000745600000, 0x0000000745600000, 0x0000000745700000|  0%| F|  |TS  0|AC  0|TAMS 0x0000000745600000, 0x0000000745600000|
|  87|0x0000000745700000, 0x0000000745700000, 0x0000000745800000|  0%| F|  |TS  0|AC  0|TAMS 0x0000000745700000, 0x0000000745700000|
|  88|0x0000000745800000, 0x0000000745800000, 0x0000000745900000|  0%| F|  |TS  0|AC  0|TAMS 0x0000000745800000, 0x0000000745800000|
|  89|0x0000000745900000, 0x0000000745900000, 0x0000000745a00000|  0%| F|  |TS  0|AC  0|TAMS 0x0000000745900000, 0x0000000745900000|
|  90|0x0000000745a00000, 0x0000000745a00000, 0x0000000745b00000|  0%| F|  |TS  0|AC  0|TAMS 0x0000000745a00000, 0x0000000745a00000|
|  91|0x0000000745b00000, 0x0000000745b00000, 0x0000000745c00000|  0%| F|  |TS  0|AC  0|TAMS 0x0000000745b00000, 0x0000000745b00000|
|  92|0x0000000745c00000, 0x0000000745c00000, 0x0000000745d00000|  0%| F|  |TS  0|AC  0|TAMS 0x0000000745c00000, 0x0000000745c00000|
|  93|0x0000000745d00000, 0x0000000745d00000, 0x0000000745e00000|  0%| F|  |TS  0|AC  0|TAMS 0x0000000745d00000, 0x0000000745d00000|
|  94|0x0000000745e00000, 0x0000000745e00000, 0x0000000745f00000|  0%| F|  |TS  0|AC  0|TAMS 0x0000000745e00000, 0x0000000745e00000|
|  95|0x0000000745f00000, 0x0000000745f00000, 0x0000000746000000|  0%| F|  |TS  0|AC  0|TAMS 0x0000000745f00000, 0x0000000745f00000|
|  96|0x0000000746000000, 0x0000000746000000, 0x0000000746100000|  0%| F|  |TS  0|AC  0|TAMS 0x0000000746000000, 0x0000000746000000|
|  97|0x0000000746100000, 0x0000000746100000, 0x0000000746200000|  0%| F|  |TS  0|AC  0|TAMS 0x0000000746100000, 0x0000000746100000|
|  98|0x0000000746200000, 0x0000000746200000, 0x0000000746300000|  0%| F|  |TS  0|AC  0|TAMS 0x0000000746200000, 0x0000000746200000|
|  99|0x0000000746300000, 0x0000000746300000, 0x0000000746400000|  0%| F|  |TS  0|AC  0|TAMS 0x0000000746300000, 0x0000000746300000|
| 100|0x0000000746400000, 0x0000000746400000, 0x0000000746500000|  0%| F|  |TS  0|AC  0|TAMS 0x0000000746400000, 0x0000000746400000|
| 101|0x0000000746500000, 0x0000000746500000, 0x0000000746600000|  0%| F|  |TS  0|AC  0|TAMS 0x0000000746500000, 0x0000000746500000|
| 102|0x0000000746600000, 0x0000000746600000, 0x0000000746700000|  0%| F|  |TS  0|AC  0|TAMS 0x0000000746600000, 0x0000000746600000|
| 103|0x0000000746700000, 0x0000000746700000, 0x0000000746800000|  0%| F|  |TS  0|AC  0|TAMS 0x0000000746700000, 0x0000000746700000|
| 104|0x0000000746800000, 0x0000000746800000, 0x0000000746900000|  0%| F|  |TS  0|AC  0|TAMS 0x0000000746800000, 0x0000000746800000|
| 105|0x0000000746900000, 0x0000000746900000, 0x0000000746a00000|  0%| F|  |TS  0|AC  0|TAMS 0x0000000746900000, 0x0000000746900000|
| 106|0x0000000746a00000, 0x0000000746a00000, 0x0000000746b00000|  0%| F|  |TS  0|AC  0|TAMS 0x0000000746a00000, 0x0000000746a00000|
| 107|0x0000000746b00000, 0x0000000746b00000, 0x0000000746c00000|  0%| F|  |TS  0|AC  0|TAMS 0x0000000746b00000, 0x0000000746b00000|
| 108|0x0000000746c00000, 0x0000000746c00000, 0x0000000746d00000|  0%| F|  |TS  0|AC  0|TAMS 0x0000000746c00000, 0x0000000746c00000|
| 109|0x0000000746d00000, 0x0000000746d00000, 0x0000000746e00000|  0%| F|  |TS  0|AC  0|TAMS 0x0000000746d00000, 0x0000000746d00000|
| 110|0x0000000746e00000, 0x0000000746e00000, 0x0000000746f00000|  0%| F|  |TS  0|AC  0|TAMS 0x0000000746e00000, 0x0000000746e00000|
| 111|0x0000000746f00000, 0x0000000746f00000, 0x0000000747000000|  0%| F|  |TS  0|AC  0|TAMS 0x0000000746f00000, 0x0000000746f00000|
| 112|0x0000000747000000, 0x0000000747000000, 0x0000000747100000|  0%| F|  |TS  0|AC  0|TAMS 0x0000000747000000, 0x0000000747000000|
| 113|0x0000000747100000, 0x0000000747100000, 0x0000000747200000|  0%| F|  |TS  0|AC  0|TAMS 0x0000000747100000, 0x0000000747100000|
| 114|0x0000000747200000, 0x0000000747200000, 0x0000000747300000|  0%| F|  |TS  0|AC  0|TAMS 0x0000000747200000, 0x0000000747200000|
| 115|0x0000000747300000, 0x0000000747300000, 0x0000000747400000|  0%| F|  |TS  0|AC  0|TAMS 0x0000000747300000, 0x0000000747300000|
| 116|0x0000000747400000, 0x0000000747400000, 0x0000000747500000|  0%| F|  |TS  0|AC  0|TAMS 0x0000000747400000, 0x0000000747400000|
| 117|0x0000000747500000, 0x0000000747500000, 0x0000000747600000|  0%| F|  |TS  0|AC  0|TAMS 0x0000000747500000, 0x0000000747500000|
| 118|0x0000000747600000, 0x00000007476482f8, 0x0000000747700000| 28%| E|  |TS  0|AC  0|TAMS 0x0000000747600000, 0x0000000747600000|
| 119|0x0000000747700000, 0x0000000747800000, 0x0000000747800000|100%| E|CS|TS  0|AC  0|TAMS 0x0000000747700000, 0x0000000747700000|
| 120|0x0000000747800000, 0x0000000747900000, 0x0000000747900000|100%| E|CS|TS  0|AC  0|TAMS 0x0000000747800000, 0x0000000747800000|
| 121|0x0000000747900000, 0x0000000747a00000, 0x0000000747a00000|100%| E|CS|TS  0|AC  0|TAMS 0x0000000747900000, 0x0000000747900000|
| 122|0x0000000747a00000, 0x0000000747b00000, 0x0000000747b00000|100%| E|CS|TS  0|AC  0|TAMS 0x0000000747a00000, 0x0000000747a00000|
| 123|0x0000000747b00000, 0x0000000747c00000, 0x0000000747c00000|100%| E|CS|TS  0|AC  0|TAMS 0x0000000747b00000, 0x0000000747b00000|
| 124|0x0000000747c00000, 0x0000000747d00000, 0x0000000747d00000|100%| E|CS|TS  0|AC  0|TAMS 0x0000000747c00000, 0x0000000747c00000|
| 125|0x0000000747d00000, 0x0000000747e00000, 0x0000000747e00000|100%| E|CS|TS  0|AC  0|TAMS 0x0000000747d00000, 0x0000000747d00000|
| 126|0x0000000747e00000, 0x0000000747f00000, 0x0000000747f00000|100%| E|CS|TS  0|AC  0|TAMS 0x0000000747e00000, 0x0000000747e00000|
| 127|0x0000000747f00000, 0x0000000748000000, 0x0000000748000000|100%| E|CS|TS  0|AC  0|TAMS 0x0000000747f00000, 0x0000000747f00000|

Card table byte_map: [0x0000000125f42000,0x0000000126342000] byte_map_base: 0x0000000122542000

Marking Bits (Prev, Next): (CMBitMap*) 0x00007f8345838c60, (CMBitMap*) 0x00007f8345838c98
 Prev Bits: [0x0000000126742000, 0x0000000128742000)
 Next Bits: [0x0000000128742000, 0x000000012a742000)

Polling page: 0x0000000109758000

CodeHeap 'non-profiled nmethods': size=120032Kb used=298Kb max_used=298Kb free=119734Kb
 bounds [0x000000011ea0a000, 0x000000011ec7a000, 0x0000000125f42000]
CodeHeap 'profiled nmethods': size=120032Kb used=1070Kb max_used=1070Kb free=118961Kb
 bounds [0x00000001174d2000, 0x0000000117742000, 0x000000011ea0a000]
CodeHeap 'non-nmethods': size=5696Kb used=1130Kb max_used=1164Kb free=4565Kb
 bounds [0x0000000116f42000, 0x00000001171b2000, 0x00000001174d2000]
 total_blobs=1237 nmethods=704 adapters=297
 compilation: enabled

Compilation events (10 events):
Event: 21.334 Thread 0x00007f834501b800 nmethod 696 0x000000011ea51c90 code [0x000000011ea51e20, 0x000000011ea51f58]
Event: 21.334 Thread 0x00007f834501b800  694       4       java.lang.invoke.MethodType::hashCode (53 bytes)
Event: 21.341 Thread 0x00007f834405f000 nmethod 691 0x000000011ea52010 code [0x000000011ea52200, 0x000000011ea52a10]
Event: 21.341 Thread 0x00007f834405f000  703       4       jdk.internal.org.objectweb.asm.Type::getArgumentsAndReturnSizes (151 bytes)
Event: 21.343 Thread 0x00007f834501b800 nmethod 694 0x000000011ea52f90 code [0x000000011ea53140, 0x000000011ea533b8]
Event: 21.343 Thread 0x00007f834501b800  702       4       jdk.internal.org.objectweb.asm.Item::<init> (66 bytes)
Event: 21.347 Thread 0x00007f834501b800 nmethod 702 0x000000011ea53590 code [0x000000011ea53720, 0x000000011ea53ab8]
Event: 21.347 Thread 0x00007f834501b800  697       4       jdk.internal.org.objectweb.asm.ByteVector::putByte (39 bytes)
Event: 21.350 Thread 0x00007f834501b800 nmethod 697 0x000000011ea53b90 code [0x000000011ea53d40, 0x000000011ea53ec8]
Event: 21.352 Thread 0x00007f834405f000 nmethod 703 0x000000011ea54010 code [0x000000011ea541c0, 0x000000011ea544f8]

GC Heap History (0 events):
No events

Deoptimization events (3 events):
Event: 0.342 Thread 0x00007f8345800800 Uncommon trap: reason=unstable_if action=reinterpret pc=0x000000011ea0d214 method=java.lang.String.hashCode()I @ 14 c2
Event: 0.554 Thread 0x00007f8345800800 Uncommon trap: reason=unstable_if action=reinterpret pc=0x000000011ea1751c method=java.util.HashMap.putVal(ILjava/lang/Object;Ljava/lang/Object;ZZ)Ljava/lang/Object; @ 69 c2
Event: 4.030 Thread 0x00007f8345800800 Uncommon trap: reason=unstable_if action=reinterpret pc=0x000000011ea35918 method=java.lang.StringLatin1.replace([BCC)Ljava/lang/String; @ 19 c2

Classes redefined (10 events):
Event: 187.563 Thread 0x00007f834500f000 redefined class name=Wallet, count=1
Event: 324.299 Thread 0x00007f834500f000 redefined class name=Wallet, count=2
Event: 398.228 Thread 0x00007f834500f000 redefined class name=Application, count=1
Event: 398.232 Thread 0x00007f834500f000 redefined class name=UTXO, count=1
Event: 398.238 Thread 0x00007f834500f000 redefined class name=Wallet, count=3
Event: 398.242 Thread 0x00007f834500f000 redefined class name=Output, count=1
Event: 398.245 Thread 0x00007f834500f000 redefined class name=DSAUtil, count=1
Event: 398.251 Thread 0x00007f834500f000 redefined class name=CoinbaseTx, count=1
Event: 398.256 Thread 0x00007f834500f000 redefined class name=HashUtil, count=1
Event: 398.265 Thread 0x00007f834500f000 redefined class name=Input, count=1

Internal exceptions (10 events):
Event: 4.153 Thread 0x00007f8345800800 Exception <a 'java/lang/NoSuchMethodError'{0x00000007478a08e0}: method resolution failed> (0x00000007478a08e0) thrown at [/scratch/mesos/slaves/450fa0f5-8733-43f8-b866-79fe3e86d200-S3216/frameworks/1735e8a2-a1db-478c-8104-60c8b0af87dd-0196/executors/ad79a
Event: 4.156 Thread 0x00007f8345800800 Exception <a 'java/lang/NoSuchMethodError'{0x00000007478bab40}: method resolution failed> (0x00000007478bab40) thrown at [/scratch/mesos/slaves/450fa0f5-8733-43f8-b866-79fe3e86d200-S3216/frameworks/1735e8a2-a1db-478c-8104-60c8b0af87dd-0196/executors/ad79a
Event: 4.160 Thread 0x00007f8345800800 Exception <a 'java/lang/NoSuchMethodError'{0x00000007478d7188}: method resolution failed> (0x00000007478d7188) thrown at [/scratch/mesos/slaves/450fa0f5-8733-43f8-b866-79fe3e86d200-S3216/frameworks/1735e8a2-a1db-478c-8104-60c8b0af87dd-0196/executors/ad79a
Event: 4.166 Thread 0x00007f8345800800 Exception <a 'java/lang/NoSuchMethodError'{0x00000007478f52f8}: method resolution failed> (0x00000007478f52f8) thrown at [/scratch/mesos/slaves/450fa0f5-8733-43f8-b866-79fe3e86d200-S3216/frameworks/1735e8a2-a1db-478c-8104-60c8b0af87dd-0196/executors/ad79a
Event: 4.182 Thread 0x00007f8345800800 Exception <a 'java/lang/NoSuchMethodError'{0x000000074770f788}: method resolution failed> (0x000000074770f788) thrown at [/scratch/mesos/slaves/450fa0f5-8733-43f8-b866-79fe3e86d200-S3216/frameworks/1735e8a2-a1db-478c-8104-60c8b0af87dd-0196/executors/ad79a
Event: 4.184 Thread 0x00007f8345800800 Exception <a 'java/lang/NoSuchMethodError'{0x0000000747713100}: method resolution failed> (0x0000000747713100) thrown at [/scratch/mesos/slaves/450fa0f5-8733-43f8-b866-79fe3e86d200-S3216/frameworks/1735e8a2-a1db-478c-8104-60c8b0af87dd-0196/executors/ad79a
Event: 4.198 Thread 0x00007f8345800800 Exception <a 'java/lang/NoSuchMethodError'{0x00000007477399d8}: method resolution failed> (0x00000007477399d8) thrown at [/scratch/mesos/slaves/450fa0f5-8733-43f8-b866-79fe3e86d200-S3216/frameworks/1735e8a2-a1db-478c-8104-60c8b0af87dd-0196/executors/ad79a
Event: 4.200 Thread 0x00007f8345800800 Exception <a 'java/lang/NoSuchMethodError'{0x0000000747743480}: method resolution failed> (0x0000000747743480) thrown at [/scratch/mesos/slaves/450fa0f5-8733-43f8-b866-79fe3e86d200-S3216/frameworks/1735e8a2-a1db-478c-8104-60c8b0af87dd-0196/executors/ad79a
Event: 4.214 Thread 0x00007f8345800800 Exception <a 'java/lang/NoSuchMethodError'{0x00000007477a9bd8}: method resolution failed> (0x00000007477a9bd8) thrown at [/scratch/mesos/slaves/450fa0f5-8733-43f8-b866-79fe3e86d200-S3216/frameworks/1735e8a2-a1db-478c-8104-60c8b0af87dd-0196/executors/ad79a
Event: 4.214 Thread 0x00007f8345800800 Exception <a 'java/lang/NoSuchMethodError'{0x00000007477ad188}: java.lang.invoke.DelegatingMethodHandle$Holder.reinvoke_L(Ljava/lang/Object;JLjava/lang/Object;)Ljava/lang/Object;> (0x00000007477ad188) thrown at [/scratch/mesos/slaves/450fa0f5-8733-43f8-b8

Events (10 events):
Event: 398.267 Executing VM operation: RedefineClasses done
Event: 398.268 Executing VM operation: GetFrameCount
Event: 398.268 Executing VM operation: GetFrameCount done
Event: 398.268 Executing VM operation: GetFrameCount
Event: 398.269 Executing VM operation: GetFrameCount done
Event: 398.269 Executing VM operation: GetFrameLocation
Event: 398.269 Executing VM operation: GetFrameLocation done
Event: 398.271 Executing VM operation: GetFrameLocation
Event: 398.271 Executing VM operation: GetFrameLocation done
Event: 398.271 Executing VM operation: GetOrSetLocal


Dynamic libraries:
0x00007fff3c218000 	/System/Library/Frameworks/Cocoa.framework/Versions/A/Cocoa
0x00007fff48498000 	/System/Library/Frameworks/Security.framework/Versions/A/Security
0x00007fff3ae22000 	/System/Library/Frameworks/ApplicationServices.framework/Versions/A/ApplicationServices
0x00007fff69909000 	/usr/lib/libz.1.dylib
0x00007fff66f7f000 	/usr/lib/libSystem.B.dylib
0x00007fff3ca3a000 	/System/Library/Frameworks/CoreFoundation.framework/Versions/A/CoreFoundation
0x00007fff3edb9000 	/System/Library/Frameworks/Foundation.framework/Versions/C/Foundation
0x00007fff68a26000 	/usr/lib/libobjc.A.dylib
0x00007fff39fb1000 	/System/Library/Frameworks/AppKit.framework/Versions/C/AppKit
0x00007fff3c5af000 	/System/Library/Frameworks/CoreData.framework/Versions/A/CoreData
0x00007fff60171000 	/System/Library/PrivateFrameworks/RemoteViewServices.framework/Versions/A/RemoteViewServices
0x00007fff64c5a000 	/System/Library/PrivateFrameworks/UIFoundation.framework/Versions/A/UIFoundation
0x00007fff66406000 	/System/Library/PrivateFrameworks/XCTTargetBootstrap.framework/Versions/A/XCTTargetBootstrap
0x00007fff5acd0000 	/System/Library/PrivateFrameworks/IconServices.framework/Versions/A/IconServices
0x00007fff4165e000 	/System/Library/Frameworks/Metal.framework/Versions/A/Metal
0x00007fff51f62000 	/System/Library/PrivateFrameworks/DesktopServicesPriv.framework/Versions/A/DesktopServicesPriv
0x00007fff67d3a000 	/usr/lib/libenergytrace.dylib
0x00007fff629d3000 	/System/Library/PrivateFrameworks/SkyLight.framework/Versions/A/SkyLight
0x00007fff3ce8b000 	/System/Library/Frameworks/CoreGraphics.framework/Versions/A/CoreGraphics
0x00007fff38d6c000 	/System/Library/Frameworks/Accelerate.framework/Versions/A/Accelerate
0x00007fff3f53f000 	/System/Library/Frameworks/IOSurface.framework/Versions/A/IOSurface
0x00007fff51dc4000 	/System/Library/PrivateFrameworks/DFRFoundation.framework/Versions/A/DFRFoundation
0x00007fff3b327000 	/System/Library/Frameworks/AudioToolbox.framework/Versions/A/AudioToolbox
0x00007fff3b5c5000 	/System/Library/Frameworks/AudioUnit.framework/Versions/A/AudioUnit
0x00007fff51e5b000 	/System/Library/PrivateFrameworks/DataDetectorsCore.framework/Versions/A/DataDetectorsCore
0x00007fff3bd04000 	/System/Library/Frameworks/Carbon.framework/Versions/A/Frameworks/HIToolbox.framework/Versions/A/HIToolbox
0x00007fff67e95000 	/usr/lib/libicucore.A.dylib
0x00007fff479f4000 	/System/Library/Frameworks/QuartzCore.framework/Versions/A/QuartzCore
0x00007fff3c0eb000 	/System/Library/Frameworks/Carbon.framework/Versions/A/Frameworks/SpeechRecognition.framework/Versions/A/SpeechRecognition
0x00007fff670e2000 	/usr/lib/libauto.dylib
0x00007fff697fc000 	/usr/lib/libxml2.2.dylib
0x00007fff519c9000 	/System/Library/PrivateFrameworks/CoreUI.framework/Versions/A/CoreUI
0x00007fff3c48d000 	/System/Library/Frameworks/CoreAudio.framework/Versions/A/CoreAudio
0x00007fff3ebeb000 	/System/Library/Frameworks/DiskArbitration.framework/Versions/A/DiskArbitration
0x00007fff68145000 	/usr/lib/liblangid.dylib
0x00007fff5c17a000 	/System/Library/PrivateFrameworks/MultitouchSupport.framework/Versions/A/MultitouchSupport
0x00007fff3f4ac000 	/System/Library/Frameworks/IOKit.framework/Versions/A/IOKit
0x00007fff66bcd000 	/usr/lib/libDiagnosticMessagesClient.dylib
0x00007fff3dcf6000 	/System/Library/Frameworks/CoreServices.framework/Versions/A/CoreServices
0x00007fff5dea4000 	/System/Library/PrivateFrameworks/PerformanceAnalysis.framework/Versions/A/PerformanceAnalysis
0x00007fff46b89000 	/System/Library/Frameworks/OpenGL.framework/Versions/A/OpenGL
0x00007fff3c226000 	/System/Library/Frameworks/ColorSync.framework/Versions/A/ColorSync
0x00007fff3d51a000 	/System/Library/Frameworks/CoreImage.framework/Versions/A/CoreImage
0x00007fff3e734000 	/System/Library/Frameworks/CoreText.framework/Versions/A/CoreText
0x00007fff3f5a0000 	/System/Library/Frameworks/ImageIO.framework/Versions/A/ImageIO
0x00007fff4e03f000 	/System/Library/PrivateFrameworks/Backup.framework/Versions/A/Backup
0x00007fff67035000 	/usr/lib/libarchive.2.dylib
0x00007fff3b929000 	/System/Library/Frameworks/CFNetwork.framework/Versions/A/CFNetwork
0x00007fff48c41000 	/System/Library/Frameworks/SystemConfiguration.framework/Versions/A/SystemConfiguration
0x00007fff66af6000 	/usr/lib/libCRFSuite.dylib
0x00007fff671da000 	/usr/lib/libc++.1.dylib
0x00007fff67232000 	/usr/lib/libc++abi.dylib
0x00007fff6998c000 	/usr/lib/system/libcache.dylib
0x00007fff69991000 	/usr/lib/system/libcommonCrypto.dylib
0x00007fff6999c000 	/usr/lib/system/libcompiler_rt.dylib
0x00007fff699a4000 	/usr/lib/system/libcopyfile.dylib
0x00007fff699ae000 	/usr/lib/system/libcorecrypto.dylib
0x00007fff69ab8000 	/usr/lib/system/libdispatch.dylib
0x00007fff69af3000 	/usr/lib/system/libdyld.dylib
0x00007fff69b23000 	/usr/lib/system/libkeymgr.dylib
0x00007fff69b31000 	/usr/lib/system/liblaunch.dylib
0x00007fff69b32000 	/usr/lib/system/libmacho.dylib
0x00007fff69b38000 	/usr/lib/system/libquarantine.dylib
0x00007fff69b3b000 	/usr/lib/system/libremovefile.dylib
0x00007fff69b3d000 	/usr/lib/system/libsystem_asl.dylib
0x00007fff69b55000 	/usr/lib/system/libsystem_blocks.dylib
0x00007fff69b56000 	/usr/lib/system/libsystem_c.dylib
0x00007fff69bdf000 	/usr/lib/system/libsystem_configuration.dylib
0x00007fff69be3000 	/usr/lib/system/libsystem_coreservices.dylib
0x00007fff69be7000 	/usr/lib/system/libsystem_darwin.dylib
0x00007fff69bee000 	/usr/lib/system/libsystem_dnssd.dylib
0x00007fff69bf5000 	/usr/lib/system/libsystem_info.dylib
0x00007fff69c6a000 	/usr/lib/system/libsystem_m.dylib
0x00007fff69cb6000 	/usr/lib/system/libsystem_malloc.dylib
0x00007fff69cdb000 	/usr/lib/system/libsystem_networkextension.dylib
0x00007fff69ce7000 	/usr/lib/system/libsystem_notify.dylib
0x00007fff69d04000 	/usr/lib/system/libsystem_sandbox.dylib
0x00007fff69d08000 	/usr/lib/system/libsystem_secinit.dylib
0x00007fff69c42000 	/usr/lib/system/libsystem_kernel.dylib
0x00007fff69cef000 	/usr/lib/system/libsystem_platform.dylib
0x00007fff69cf9000 	/usr/lib/system/libsystem_pthread.dylib
0x00007fff69d0b000 	/usr/lib/system/libsystem_symptoms.dylib
0x00007fff69d13000 	/usr/lib/system/libsystem_trace.dylib
0x00007fff69d2a000 	/usr/lib/system/libunwind.dylib
0x00007fff69d30000 	/usr/lib/system/libxpc.dylib
0x00007fff671ba000 	/usr/lib/libbsm.0.dylib
0x00007fff69b24000 	/usr/lib/system/libkxld.dylib
0x00007fff4d2fb000 	/System/Library/PrivateFrameworks/AppleFSCompression.framework/Versions/A/AppleFSCompression
0x00007fff66e3e000 	/usr/lib/libOpenScriptingUtil.dylib
0x00007fff6751d000 	/usr/lib/libcoretls.dylib
0x00007fff67534000 	/usr/lib/libcoretls_cfhelpers.dylib
0x00007fff691bf000 	/usr/lib/libpam.2.dylib
0x00007fff69382000 	/usr/lib/libsqlite3.dylib
0x00007fff697ea000 	/usr/lib/libxar.1.dylib
0x00007fff671cb000 	/usr/lib/libbz2.1.0.dylib
0x00007fff68147000 	/usr/lib/liblzma.5.dylib
0x00007fff6863d000 	/usr/lib/libnetwork.dylib
0x00007fff6701e000 	/usr/lib/libapple_nghttp2.dylib
0x00007fff691c6000 	/usr/lib/libpcap.A.dylib
0x00007fff3e09a000 	/System/Library/Frameworks/CoreServices.framework/Versions/A/Frameworks/FSEvents.framework/Versions/A/FSEvents
0x00007fff3dd76000 	/System/Library/Frameworks/CoreServices.framework/Versions/A/Frameworks/CarbonCore.framework/Versions/A/CarbonCore
0x00007fff3e26f000 	/System/Library/Frameworks/CoreServices.framework/Versions/A/Frameworks/Metadata.framework/Versions/A/Metadata
0x00007fff3e312000 	/System/Library/Frameworks/CoreServices.framework/Versions/A/Frameworks/OSServices.framework/Versions/A/OSServices
0x00007fff3e35e000 	/System/Library/Frameworks/CoreServices.framework/Versions/A/Frameworks/SearchKit.framework/Versions/A/SearchKit
0x00007fff3dcf7000 	/System/Library/Frameworks/CoreServices.framework/Versions/A/Frameworks/AE.framework/Versions/A/AE
0x00007fff3e0a3000 	/System/Library/Frameworks/CoreServices.framework/Versions/A/Frameworks/LaunchServices.framework/Versions/A/LaunchServices
0x00007fff3e04f000 	/System/Library/Frameworks/CoreServices.framework/Versions/A/Frameworks/DictionaryServices.framework/Versions/A/DictionaryServices
0x00007fff3e3cd000 	/System/Library/Frameworks/CoreServices.framework/Versions/A/Frameworks/SharedFileList.framework/Versions/A/SharedFileList
0x00007fff42b19000 	/System/Library/Frameworks/NetFS.framework/Versions/A/NetFS
0x00007fff5c416000 	/System/Library/PrivateFrameworks/NetAuth.framework/Versions/A/NetAuth
0x00007fff6683a000 	/System/Library/PrivateFrameworks/login.framework/Versions/A/Frameworks/loginsupport.framework/Versions/A/loginsupport
0x00007fff64856000 	/System/Library/PrivateFrameworks/TCC.framework/Versions/A/TCC
0x00007fff50ff1000 	/System/Library/PrivateFrameworks/CoreNLP.framework/Versions/A/CoreNLP
0x00007fff5be6c000 	/System/Library/PrivateFrameworks/MetadataUtilities.framework/Versions/A/MetadataUtilities
0x00007fff68228000 	/usr/lib/libmecabra.dylib
0x00007fff3ae23000 	/System/Library/Frameworks/ApplicationServices.framework/Versions/A/Frameworks/ATS.framework/Versions/A/ATS
0x00007fff3b18e000 	/System/Library/Frameworks/ApplicationServices.framework/Versions/A/Frameworks/ColorSyncLegacy.framework/Versions/A/ColorSyncLegacy
0x00007fff3b22f000 	/System/Library/Frameworks/ApplicationServices.framework/Versions/A/Frameworks/HIServices.framework/Versions/A/HIServices
0x00007fff3b282000 	/System/Library/Frameworks/ApplicationServices.framework/Versions/A/Frameworks/LangAnalysis.framework/Versions/A/LangAnalysis
0x00007fff3b291000 	/System/Library/Frameworks/ApplicationServices.framework/Versions/A/Frameworks/PrintCore.framework/Versions/A/PrintCore
0x00007fff3b2de000 	/System/Library/Frameworks/ApplicationServices.framework/Versions/A/Frameworks/QD.framework/Versions/A/QD
0x00007fff3b31a000 	/System/Library/Frameworks/ApplicationServices.framework/Versions/A/Frameworks/SpeechSynthesis.framework/Versions/A/SpeechSynthesis
0x00007fff6725a000 	/usr/lib/libcompression.dylib
0x00007fff3c950000 	/System/Library/Frameworks/CoreDisplay.framework/Versions/A/CoreDisplay
0x00007fff4191a000 	/System/Library/Frameworks/MetalPerformanceShaders.framework/Versions/A/MetalPerformanceShaders
0x00007fff38d84000 	/System/Library/Frameworks/Accelerate.framework/Versions/A/Frameworks/vImage.framework/Versions/A/vImage
0x00007fff39e00000 	/System/Library/Frameworks/Accelerate.framework/Versions/A/Frameworks/vecLib.framework/Versions/A/vecLib
0x00007fff39d4a000 	/System/Library/Frameworks/Accelerate.framework/Versions/A/Frameworks/vecLib.framework/Versions/A/libvMisc.dylib
0x00007fff39b65000 	/System/Library/Frameworks/Accelerate.framework/Versions/A/Frameworks/vecLib.framework/Versions/A/libvDSP.dylib
0x00007fff39425000 	/System/Library/Frameworks/Accelerate.framework/Versions/A/Frameworks/vecLib.framework/Versions/A/libBLAS.dylib
0x00007fff39710000 	/System/Library/Frameworks/Accelerate.framework/Versions/A/Frameworks/vecLib.framework/Versions/A/libLAPACK.dylib
0x00007fff39ab7000 	/System/Library/Frameworks/Accelerate.framework/Versions/A/Frameworks/vecLib.framework/Versions/A/libLinearAlgebra.dylib
0x00007fff39b51000 	/System/Library/Frameworks/Accelerate.framework/Versions/A/Frameworks/vecLib.framework/Versions/A/libSparseBLAS.dylib
0x00007fff39acd000 	/System/Library/Frameworks/Accelerate.framework/Versions/A/Frameworks/vecLib.framework/Versions/A/libQuadrature.dylib
0x00007fff3969d000 	/System/Library/Frameworks/Accelerate.framework/Versions/A/Frameworks/vecLib.framework/Versions/A/libBNNS.dylib
0x00007fff39ad3000 	/System/Library/Frameworks/Accelerate.framework/Versions/A/Frameworks/vecLib.framework/Versions/A/libSparse.dylib
0x00007fff584ef000 	/System/Library/PrivateFrameworks/GPUWrangler.framework/Versions/A/GPUWrangler
0x00007fff5a899000 	/System/Library/PrivateFrameworks/IOAccelerator.framework/Versions/A/IOAccelerator
0x00007fff5a8a4000 	/System/Library/PrivateFrameworks/IOPresentment.framework/Versions/A/IOPresentment
0x00007fff51dd4000 	/System/Library/PrivateFrameworks/DSExternalDisplay.framework/Versions/A/DSExternalDisplay
0x00007fff45fce000 	/System/Library/Frameworks/OpenGL.framework/Versions/A/Libraries/libCoreFSCache.dylib
0x00007fff4170e000 	/System/Library/Frameworks/MetalPerformanceShaders.framework/Frameworks/MPSCore.framework/Versions/A/MPSCore
0x00007fff4172f000 	/System/Library/Frameworks/MetalPerformanceShaders.framework/Frameworks/MPSImage.framework/Versions/A/MPSImage
0x00007fff417d6000 	/System/Library/Frameworks/MetalPerformanceShaders.framework/Frameworks/MPSNeuralNetwork.framework/Versions/A/MPSNeuralNetwork
0x00007fff417ad000 	/System/Library/Frameworks/MetalPerformanceShaders.framework/Frameworks/MPSMatrix.framework/Versions/A/MPSMatrix
0x00007fff418fe000 	/System/Library/Frameworks/MetalPerformanceShaders.framework/Frameworks/MPSRayIntersector.framework/Versions/A/MPSRayIntersector
0x00007fff5be95000 	/System/Library/PrivateFrameworks/MetalTools.framework/Versions/A/MetalTools
0x00007fff4c9f7000 	/System/Library/PrivateFrameworks/AggregateDictionary.framework/Versions/A/AggregateDictionary
0x00007fff66e1e000 	/usr/lib/libMobileGestalt.dylib
0x00007fff3e89a000 	/System/Library/Frameworks/CoreVideo.framework/Versions/A/CoreVideo
0x00007fff59353000 	/System/Library/PrivateFrameworks/GraphVisualizer.framework/Versions/A/GraphVisualizer
0x00007fff530ff000 	/System/Library/PrivateFrameworks/FaceCore.framework/Versions/A/FaceCore
0x00007fff455e5000 	/System/Library/Frameworks/OpenCL.framework/Versions/A/OpenCL
0x00007fff66c05000 	/usr/lib/libFosl_dynamic.dylib
0x00007fff5cceb000 	/System/Library/PrivateFrameworks/OTSVG.framework/Versions/A/OTSVG
0x00007fff3af27000 	/System/Library/Frameworks/ApplicationServices.framework/Versions/A/Frameworks/ATS.framework/Versions/A/Resources/libFontParser.dylib
0x00007fff3b047000 	/System/Library/Frameworks/ApplicationServices.framework/Versions/A/Frameworks/ATS.framework/Versions/A/Resources/libFontRegistry.dylib
0x00007fff3f820000 	/System/Library/Frameworks/ImageIO.framework/Versions/A/Resources/libJPEG.dylib
0x00007fff3fb42000 	/System/Library/Frameworks/ImageIO.framework/Versions/A/Resources/libTIFF.dylib
0x00007fff3fb18000 	/System/Library/Frameworks/ImageIO.framework/Versions/A/Resources/libPng.dylib
0x00007fff3f735000 	/System/Library/Frameworks/ImageIO.framework/Versions/A/Resources/libGIF.dylib
0x00007fff3f73a000 	/System/Library/Frameworks/ImageIO.framework/Versions/A/Resources/libJP2.dylib
0x00007fff3fb3f000 	/System/Library/Frameworks/ImageIO.framework/Versions/A/Resources/libRadiance.dylib
0x00007fff4d454000 	/System/Library/PrivateFrameworks/AppleJPEG.framework/Versions/A/AppleJPEG
0x00007fff45fd9000 	/System/Library/Frameworks/OpenGL.framework/Versions/A/Libraries/libGFXShared.dylib
0x00007fff4619c000 	/System/Library/Frameworks/OpenGL.framework/Versions/A/Libraries/libGLU.dylib
0x00007fff45fe2000 	/System/Library/Frameworks/OpenGL.framework/Versions/A/Libraries/libGL.dylib
0x00007fff45fee000 	/System/Library/Frameworks/OpenGL.framework/Versions/A/Libraries/libGLImage.dylib
0x00007fff45fcb000 	/System/Library/Frameworks/OpenGL.framework/Versions/A/Libraries/libCVMSPluginSupport.dylib
0x00007fff45fd4000 	/System/Library/Frameworks/OpenGL.framework/Versions/A/Libraries/libCoreVMClient.dylib
0x00007fff67bac000 	/usr/lib/libcups.2.dylib
0x00007fff40c26000 	/System/Library/Frameworks/Kerberos.framework/Versions/A/Kerberos
0x00007fff3f1f8000 	/System/Library/Frameworks/GSS.framework/Versions/A/GSS
0x00007fff69316000 	/usr/lib/libresolv.9.dylib
0x00007fff67da3000 	/usr/lib/libiconv.2.dylib
0x00007fff59449000 	/System/Library/PrivateFrameworks/Heimdal.framework/Versions/A/Heimdal
0x00007fff67d72000 	/usr/lib/libheimdal-asn1.dylib
0x00007fff4565c000 	/System/Library/Frameworks/OpenDirectory.framework/Versions/A/OpenDirectory
0x00007fff4fd02000 	/System/Library/PrivateFrameworks/CommonAuth.framework/Versions/A/CommonAuth
0x00007fff4563f000 	/System/Library/Frameworks/OpenDirectory.framework/Versions/A/Frameworks/CFOpenDirectory.framework/Versions/A/CFOpenDirectory
0x00007fff487bf000 	/System/Library/Frameworks/SecurityFoundation.framework/Versions/A/SecurityFoundation
0x00007fff4bf16000 	/System/Library/PrivateFrameworks/APFS.framework/Versions/A/APFS
0x00007fff697e6000 	/usr/lib/libutil.dylib
0x00007fff67248000 	/usr/lib/libcharset.1.dylib
0x00007fff4d6ed000 	/System/Library/PrivateFrameworks/AppleSauce.framework/Versions/A/AppleSauce
0x00007fff4d87b000 	/System/Library/PrivateFrameworks/AssertionServices.framework/Versions/A/AssertionServices
0x00007fff4e0e2000 	/System/Library/PrivateFrameworks/BaseBoard.framework/Versions/A/BaseBoard
0x00007fff68177000 	/usr/lib/libmecab.1.0.0.dylib
0x00007fff67d6c000 	/usr/lib/libgermantok.dylib
0x00007fff6700a000 	/usr/lib/libThaiTokenizer.dylib
0x00007fff66b31000 	/usr/lib/libChineseTokenizer.dylib
0x00007fff5afcc000 	/System/Library/PrivateFrameworks/LanguageModeling.framework/Versions/A/LanguageModeling
0x00007fff50a08000 	/System/Library/PrivateFrameworks/CoreEmoji.framework/Versions/A/CoreEmoji
0x00007fff5b0c4000 	/System/Library/PrivateFrameworks/Lexicon.framework/Versions/A/Lexicon
0x00007fff5b10c000 	/System/Library/PrivateFrameworks/LinguisticData.framework/Versions/A/LinguisticData
0x00007fff67249000 	/usr/lib/libcmph.dylib
0x00007fff48880000 	/System/Library/Frameworks/ServiceManagement.framework/Versions/A/ServiceManagement
0x00007fff4e035000 	/System/Library/PrivateFrameworks/BackgroundTaskManagement.framework/Versions/A/BackgroundTaskManagement
0x00007fff698e0000 	/usr/lib/libxslt.1.dylib
0x00007fff3c016000 	/System/Library/Frameworks/Carbon.framework/Versions/A/Frameworks/Ink.framework/Versions/A/Ink
0x00007fff64ad2000 	/System/Library/PrivateFrameworks/TextureIO.framework/Versions/A/TextureIO
0x00007fff6705f000 	/usr/lib/libate.dylib
0x00007fff51d30000 	/System/Library/PrivateFrameworks/CrashReporterSupport.framework/Versions/A/CrashReporterSupport
0x00007fff61b02000 	/System/Library/PrivateFrameworks/Sharing.framework/Versions/A/Sharing
0x00007fff4dbc1000 	/System/Library/PrivateFrameworks/AuthKit.framework/Versions/A/AuthKit
0x00007fff4cff3000 	/System/Library/PrivateFrameworks/Apple80211.framework/Versions/A/Apple80211
0x00007fff51af6000 	/System/Library/PrivateFrameworks/CoreUtils.framework/Versions/A/CoreUtils
0x00007fff3e8d8000 	/System/Library/Frameworks/CoreWLAN.framework/Versions/A/CoreWLAN
0x00007fff3f341000 	/System/Library/Frameworks/IOBluetooth.framework/Versions/A/IOBluetooth
0x00007fff5fe6c000 	/System/Library/PrivateFrameworks/ProtocolBuffer.framework/Versions/A/ProtocolBuffer
0x00007fff5c0d1000 	/System/Library/PrivateFrameworks/MobileKeyBag.framework/Versions/A/MobileKeyBag
0x00007fff5131e000 	/System/Library/PrivateFrameworks/CorePhoneNumbers.framework/Versions/A/CorePhoneNumbers
0x00007fff4d408000 	/System/Library/PrivateFrameworks/AppleIDAuthSupport.framework/Versions/A/AppleIDAuthSupport
0x00007fff5af9e000 	/System/Library/PrivateFrameworks/KeychainCircle.framework/Versions/A/KeychainCircle
0x00007fff60039000 	/System/Library/PrivateFrameworks/ROCKit.framework/Versions/A/ROCKit
0x00007fff51ccc000 	/System/Library/PrivateFrameworks/CoreWiFi.framework/Versions/A/CoreWiFi
0x00007fff3c583000 	/System/Library/Frameworks/CoreBluetooth.framework/Versions/A/CoreBluetooth
0x00007fff51f20000 	/System/Library/PrivateFrameworks/DebugSymbols.framework/Versions/A/DebugSymbols
0x00007fff518ab000 	/System/Library/PrivateFrameworks/CoreSymbolication.framework/Versions/A/CoreSymbolication
0x00007fff642c0000 	/System/Library/PrivateFrameworks/Symbolication.framework/Versions/A/Symbolication
0x00007fff63452000 	/System/Library/PrivateFrameworks/SpeechRecognitionCore.framework/Versions/A/SpeechRecognitionCore
0x000000010a000000 	/Library/Java/JavaVirtualMachines/jdk-10.jdk/Contents/Home/lib/server/libjvm.dylib
0x00007fff696aa000 	/usr/lib/libstdc++.6.dylib
0x0000000109716000 	/Library/Java/JavaVirtualMachines/jdk-10.jdk/Contents/Home/lib/libverify.dylib
0x0000000109723000 	/Library/Java/JavaVirtualMachines/jdk-10.jdk/Contents/Home/lib/libjava.dylib
0x000000010975a000 	/Library/Java/JavaVirtualMachines/jdk-10.jdk/Contents/Home/lib/libjdwp.dylib
0x0000000109797000 	/Library/Java/JavaVirtualMachines/jdk-10.jdk/Contents/Home/lib/libinstrument.dylib
0x00000001097ec000 	/Library/Java/JavaVirtualMachines/jdk-10.jdk/Contents/Home/lib/libzip.dylib
0x00000001097f4000 	/Library/Java/JavaVirtualMachines/jdk-10.jdk/Contents/Home/lib/libjimage.dylib
0x0000000116e56000 	/Library/Java/JavaVirtualMachines/jdk-10.jdk/Contents/Home/lib/libdt_socket.dylib
0x000000012d2bf000 	/Library/Java/JavaVirtualMachines/jdk-10.jdk/Contents/Home/lib/libnio.dylib
0x000000012d2cf000 	/Library/Java/JavaVirtualMachines/jdk-10.jdk/Contents/Home/lib/./libnet.dylib


VM Arguments:
jvm_args: -agentlib:jdwp=transport=dt_socket,address=127.0.0.1:50694,suspend=y,server=n -javaagent:/Users/Fredrik/Library/Caches/IntelliJIdea2018.2/captureAgent/debugger-agent.jar=file:/private/var/folders/dv/x3ll_yyj5w763flt71l0qylw0000gn/T/capture.props -Dfile.encoding=UTF-8 
java_command: Application
java_class_path (initial): /Users/Fredrik/Documents/DAT159/Oblig 3/target/classes:/Users/Fredrik/.m2/repository/javax/xml/bind/jaxb-api/2.3.1/jaxb-api-2.3.1.jar:/Users/Fredrik/.m2/repository/javax/activation/javax.activation-api/1.2.0/javax.activation-api-1.2.0.jar:/Users/Fredrik/Library/Application Support/JetBrains/Toolbox/apps/IDEA-U/ch-0/182.4892.20/IntelliJ IDEA.app/Contents/lib/idea_rt.jar
Launcher Type: SUN_STANDARD

Logging:
Log output configuration:
#0: stdout all=warning uptime,level,tags
#1: stderr all=off uptime,level,tags

Environment Variables:
PATH=/opt/local/bin:/opt/local/sbin:/anaconda3/bin:/usr/local/bin:/usr/bin:/bin:/usr/sbin:/sbin:/usr/local/share/dotnet:/Library/Frameworks/Mono.framework/Versions/Current/Commands:/Applications/Wireshark.app/Contents/MacOS:/Applications/Xamarin Workbooks.app/Contents/SharedSupport/path-bin
SHELL=/bin/bash

Signal Handlers:
SIGSEGV: [libjvm.dylib+0x799984], sa_mask[0]=11111111011111110111111111111111, sa_flags=SA_ONSTACK|SA_RESTART|SA_SIGINFO
SIGBUS: [libjvm.dylib+0x799984], sa_mask[0]=11111111011111110111111111111111, sa_flags=SA_RESTART|SA_SIGINFO
SIGFPE: [libjvm.dylib+0x799984], sa_mask[0]=11111111011111110111111111111111, sa_flags=SA_RESTART|SA_SIGINFO
SIGPIPE: [libjvm.dylib+0x6347c0], sa_mask[0]=11111111011111110111111111111111, sa_flags=SA_RESTART|SA_SIGINFO
SIGXFSZ: [libjvm.dylib+0x6347c0], sa_mask[0]=11111111011111110111111111111111, sa_flags=SA_RESTART|SA_SIGINFO
SIGILL: [libjvm.dylib+0x799984], sa_mask[0]=11111111011111110111111111111111, sa_flags=SA_RESTART|SA_SIGINFO
SIGUSR2: [libjvm.dylib+0x635050], sa_mask[0]=00100000000000000000000000000000, sa_flags=SA_RESTART|SA_SIGINFO
SIGHUP: [libjvm.dylib+0x63383b], sa_mask[0]=11111111011111110111111111111111, sa_flags=SA_RESTART|SA_SIGINFO
SIGINT: [libjvm.dylib+0x63383b], sa_mask[0]=11111111011111110111111111111111, sa_flags=SA_RESTART|SA_SIGINFO
SIGTERM: [libjvm.dylib+0x63383b], sa_mask[0]=11111111011111110111111111111111, sa_flags=SA_RESTART|SA_SIGINFO
SIGQUIT: [libjvm.dylib+0x63383b], sa_mask[0]=11111111011111110111111111111111, sa_flags=SA_RESTART|SA_SIGINFO


---------------  S Y S T E M  ---------------

OS:uname:Darwin 18.0.0 Darwin Kernel Version 18.0.0: Wed Aug 22 20:13:40 PDT 2018; root:xnu-4903.201.2~1/RELEASE_X86_64 x86_64
rlimit: STACK 8192k, CORE 0k, NPROC 709, NOFILE 10240, AS infinity, DATA infinity, FSIZE infinity
load average:7.19 4.07 3.34

CPU:total 4 (initial active 4) (2 cores per cpu, 2 threads per core) family 6 model 61 stepping 4, cmov, cx8, fxsr, mmx, sse, sse2, sse3, ssse3, sse4.1, sse4.2, popcnt, avx, avx2, aes, clmul, erms, 3dnowpref, lzcnt, ht, tsc, tscinvbit, bmi1, bmi2, adx, fma

Memory: 4k page, physical 8388608k(43000k free)

vm_info: Java HotSpot(TM) 64-Bit Server VM (10+46) for bsd-amd64 JRE (10+46), built on Mar  8 2018 02:10:00 by "mach5one" with gcc 4.2.1 Compatible Apple LLVM 6.1.0 (clang-602.0.49)

END.
